20231127	15:30:09	9b03d4e0-8db8-4e27-869a-d86c07a2fbe8	undefined: ECONNREFUSED	querySrv	_mongodb._tcp.mictech.p1lc5ib.mongodb.net
20231127	18:54:47	665ca0f0-13e7-40bf-a2d0-b0415ebc7c5a	undefined: ECONNREFUSED	querySrv	_mongodb._tcp.mictech.p1lc5ib.mongodb.net
20231127	18:57:02	4a1d7798-2e72-40cc-aae0-5ea6a0eae816	undefined: ECONNREFUSED	querySrv	_mongodb._tcp.mictech.p1lc5ib.mongodb.net
20231127	19:03:49	087e32ec-1cb2-4656-8971-6cea5924643f	undefined: ECONNREFUSED	querySrv	_mongodb._tcp.mictech.p1lc5ib.mongodb.net
20231127	19:04:54	2c583d74-c902-453b-8de9-d896f28b8a8c	undefined: ECONNREFUSED	querySrv	_mongodb._tcp.mictech.p1lc5ib.mongodb.net
20231127	19:06:00	2a969833-d491-4d75-94bb-c5d0b6eeb1d0	undefined: ECONNREFUSED	querySrv	_mongodb._tcp.mictech.p1lc5ib.mongodb.net
20231127	19:56:18	24ef16b8-a7d1-4f4a-90c1-f0ef7c0a346a	undefined: ECONNREFUSED	querySrv	_mongodb._tcp.mictech.p1lc5ib.mongodb.net
20231127	20:47:32	13765138-33e0-423c-b103-cde77bdb0198	undefined: ECONNREFUSED	querySrv	_mongodb._tcp.mictech.p1lc5ib.mongodb.net
20231127	21:05:18	ca8e6990-82a7-4223-9b45-a590d413cd9d	undefined: undefined	undefined	undefined
20231128	13:04:59	212dc7e3-d214-4c55-baa6-49f3fef9395a	undefined: ECONNREFUSED	querySrv	_mongodb._tcp.mictech.p1lc5ib.mongodb.net
20231128	13:27:11	f8fb849c-93bc-4682-8902-1c52cbda02c5	undefined: ECONNREFUSED	querySrv	_mongodb._tcp.mictech.p1lc5ib.mongodb.net
20231128	13:28:24	8e448a11-e5ab-41bd-a503-3f951dd14ef6	undefined: ECONNREFUSED	querySrv	_mongodb._tcp.mictech.p1lc5ib.mongodb.net
20231128	13:30:45	1e81d071-8977-4252-92bf-e0bcbdcdf13e	undefined: ETIMEOUT	querySrv	_mongodb._tcp.mictech.p1lc5ib.mongodb.net
20231128	14:25:42	a726242a-8e0b-400c-b26d-982e7897bcd9	undefined: undefined	undefined	undefined
20231128	20:42:25	e9570316-a094-4d3f-9b35-56ba10c93ae2	undefined: ESERVFAIL	querySrv	_mongodb._tcp.mictech.p1lc5ib.mongodb.net
20231128	20:58:07	293c49b0-a83f-4919-9ec8-b4a07964e8ae	undefined: undefined	undefined	undefined
20231129	01:42:25	ea874cca-61e1-494c-9aab-10a1eb86103e	undefined: ETIMEOUT	querySrv	_mongodb._tcp.mictech.p1lc5ib.mongodb.net
20231129	15:52:48	8f05329a-0a54-475a-8f93-06e0f3d25c70	undefined: ECONNREFUSED	querySrv	_mongodb._tcp.mictech.p1lc5ib.mongodb.net
20231129	15:53:19	8d903869-5da2-4b5c-9f2e-d1beff342cfc	undefined: ECONNREFUSED	querySrv	_mongodb._tcp.mictech.p1lc5ib.mongodb.net
20231129	15:54:32	b4839c6b-3206-4205-b2a3-bb25c3c6a8af	undefined: ECONNREFUSED	querySrv	_mongodb._tcp.mictech.p1lc5ib.mongodb.net
20231129	15:55:41	ecb31fc1-c450-4fdc-9360-4d44af1c30c3	undefined: ECONNREFUSED	querySrv	_mongodb._tcp.mictech.p1lc5ib.mongodb.net
20231129	17:27:16	ce788174-306c-4496-bd6e-c6a989c0ecb0	undefined: undefined	undefined	undefined
20231129	17:55:46	8bc7c553-91ba-486b-96c3-04e41e07aac4	undefined: undefined	undefined	undefined
20231129	18:41:06	75d8799b-a3de-4285-8588-17d22413f2b7	undefined: ECONNREFUSED	querySrv	_mongodb._tcp.mictech.p1lc5ib.mongodb.net
20231202	16:28:04	65b49fce-0186-4ccf-a652-fea4a8542bc0	undefined: ECONNREFUSED	querySrv	_mongodb._tcp.mictech.p1lc5ib.mongodb.net
20231202	16:49:46	c00ee0c9-066d-40dc-a037-4e016bf10bc5	undefined: ECONNREFUSED	querySrv	_mongodb._tcp.mictech.p1lc5ib.mongodb.net
20231202	19:20:15	b19825fe-c020-46cc-bd61-b0bd036bc86e	undefined: ECONNREFUSED	querySrv	_mongodb._tcp.mictech.p1lc5ib.mongodb.net
20231202	19:33:27	e8e1bd45-3016-4ff7-a2e1-72ac78c0c6bf	undefined: ECONNREFUSED	querySrv	_mongodb._tcp.mictech.p1lc5ib.mongodb.net
20231202	20:08:12	daca0ebb-60f4-4843-b643-c9dbf9bcde6e	undefined: ECONNREFUSED	querySrv	_mongodb._tcp.mictech.p1lc5ib.mongodb.net
20231204	07:43:40	91d273b0-9359-42a8-87be-2c42d85d155f	undefined: ECONNREFUSED	querySrv	_mongodb._tcp.mictech.p1lc5ib.mongodb.net
20231205	07:11:38	15287151-7342-4d1e-bdca-c347ea4c1873	undefined: ECONNREFUSED	querySrv	_mongodb._tcp.mictech.p1lc5ib.mongodb.net
20231205	22:43:30	24590f30-6417-4db8-87c3-018b51f08230	undefined: undefined	undefined	undefined
20231207	09:43:22	1b6249d8-75f8-4bb1-9993-bfc3b945be62	undefined: ECONNREFUSED	querySrv	_mongodb._tcp.mictech.p1lc5ib.mongodb.net
20231207	13:43:59	03851510-f5e1-4960-b2da-348d96f0f4d5	undefined: undefined	undefined	undefined
20231207	13:45:22	0a2f333b-8d4f-4431-88d5-11761c9ef050	undefined: undefined	undefined	undefined
20231207	13:46:34	1717abc0-ad79-4cec-a576-c82f6adbdce5	undefined: undefined	undefined	undefined
20231207	13:47:34	935179bd-624c-4604-9f45-c0cae998d3b0	undefined: ETIMEOUT	querySrv	_mongodb._tcp.mictech.p1lc5ib.mongodb.net
20231207	15:15:08	44c3f977-255e-4812-bee8-e0546ee4c1fd	undefined: ECONNREFUSED	querySrv	_mongodb._tcp.mictech.p1lc5ib.mongodb.net
20231207	15:15:35	884cacf1-c98d-4d53-8d90-a00527394f0e	undefined: ECONNREFUSED	querySrv	_mongodb._tcp.mictech.p1lc5ib.mongodb.net
20231207	17:57:27	51f29a18-4d64-4499-838e-bf1f8feacfba	undefined: undefined	undefined	undefined
20231209	22:15:05	22d2a75c-2d32-4a1f-89e4-b6ea429e60a0	undefined: undefined	undefined	undefined
20231210	21:04:53	9db0f678-d4a7-4d4d-8f7e-1ccbfddc4697	undefined: undefined	undefined	undefined
20231211	11:15:55	f1ae0559-a66f-4363-94f9-a07025bc5168	undefined: undefined	undefined	undefined
20231212	14:44:22	d23120fc-fc1a-47a5-b4e5-4c206a9fa624	undefined: ECONNREFUSED	querySrv	_mongodb._tcp.mictech.p1lc5ib.mongodb.net
20231212	14:44:34	b066b907-e6b5-47d4-acda-c41b7bed5682	undefined: ECONNREFUSED	querySrv	_mongodb._tcp.mictech.p1lc5ib.mongodb.net
20231212	14:45:04	525f8e4c-6be5-4413-8a79-c22defe7aacb	undefined: ECONNREFUSED	querySrv	_mongodb._tcp.mictech.p1lc5ib.mongodb.net
20231212	14:46:01	212ab1ee-aa6d-4e81-afc5-42f3d51e8979	undefined: undefined	undefined	undefined
20231212	14:47:02	19ca1451-0820-4f29-bb8a-0f33b3686e48	undefined: undefined	undefined	undefined
20231213	15:00:59	66af1cc5-4ef2-4747-9f80-2b32f5113df9	undefined: ECONNREFUSED	querySrv	_mongodb._tcp.mictech.p1lc5ib.mongodb.net
20231213	20:56:19	aefad24c-c63b-472e-9607-f4785d72df2f	undefined: undefined	undefined	undefined
20231213	20:57:21	6ac909cb-91f1-4590-9187-da623c72dddd	undefined: undefined	undefined	undefined
20231214	18:27:38	9acbf4bd-4ac7-4430-997c-3be5eeff295e	undefined: ECONNREFUSED	querySrv	_mongodb._tcp.mictech.p1lc5ib.mongodb.net
20231216	18:03:17	53deba02-8209-4d69-9b58-d86b1c3a2692	undefined: ECONNREFUSED	querySrv	_mongodb._tcp.mictech.p1lc5ib.mongodb.net
20231216	18:03:36	f9584782-ef53-4871-b114-9ed108575cd4	undefined: ECONNREFUSED	querySrv	_mongodb._tcp.mictech.p1lc5ib.mongodb.net
20231216	18:04:07	955e56a3-fbfc-4096-bf52-9ec30c66775d	undefined: ECONNREFUSED	querySrv	_mongodb._tcp.mictech.p1lc5ib.mongodb.net
20231216	18:04:24	fe33c459-9c43-4aa6-aac6-1767be27f187	undefined: ECONNREFUSED	querySrv	_mongodb._tcp.mictech.p1lc5ib.mongodb.net
20231217	12:53:42	626b6b12-c6b0-4821-9268-a27e16aa27fb	undefined: ECONNREFUSED	querySrv	_mongodb._tcp.mictech.p1lc5ib.mongodb.net
20231218	11:59:06	3ad20b11-dcb2-4621-9ace-00f0d0b29564	undefined: ECONNREFUSED	querySrv	_mongodb._tcp.mictech.p1lc5ib.mongodb.net
20231218	11:59:27	7a2e370e-6c9b-4e9a-b6d0-a44f05de5df4	undefined: ECONNREFUSED	querySrv	_mongodb._tcp.mictech.p1lc5ib.mongodb.net
20231218	16:57:35	e46e1c35-f5c5-4b5a-84e3-c8c6dacc98f7	undefined: undefined	undefined	undefined
20231218	16:59:06	12837bde-96c8-45ba-86c1-54850b467ed5	undefined: undefined	undefined	undefined
20231219	10:36:50	abc5abd0-d7e1-4b49-883f-b7b698101714	undefined: ECONNREFUSED	querySrv	_mongodb._tcp.mictech.p1lc5ib.mongodb.net
20231219	10:37:17	0579b6ba-a3c2-4fdf-b270-8fff98b92350	undefined: ECONNREFUSED	querySrv	_mongodb._tcp.mictech.p1lc5ib.mongodb.net
20231219	10:37:29	02b933ac-9c15-45a9-b776-ae91a49d2d48	undefined: ECONNREFUSED	querySrv	_mongodb._tcp.mictech.p1lc5ib.mongodb.net
20231219	10:37:56	7e4abbc3-8862-4d3f-a292-fefbf2fdb4ec	undefined: ECONNREFUSED	querySrv	_mongodb._tcp.mictech.p1lc5ib.mongodb.net
20231219	10:39:10	eb21e889-b6a0-45a0-acc9-64021ecde17e	undefined: ECONNREFUSED	querySrv	_mongodb._tcp.mictech.p1lc5ib.mongodb.net
20231219	10:59:29	467850c3-f5ee-4415-9e26-5d8bb2b77065	undefined: ECONNREFUSED	querySrv	_mongodb._tcp.mictech.p1lc5ib.mongodb.net
20231219	11:04:52	e6373c1e-f82e-4a76-8573-e64fc037761f	undefined: ECONNREFUSED	querySrv	_mongodb._tcp.mictech.p1lc5ib.mongodb.net
20231220	06:21:27	97b5d807-3bdf-481c-85dd-f46d118d403e	undefined: ECONNREFUSED	querySrv	_mongodb._tcp.mictech.p1lc5ib.mongodb.net
20231220	06:22:29	5c1047b2-832a-493a-b1b7-5fc99701f7d4	undefined: ETIMEOUT	querySrv	_mongodb._tcp.mictech.p1lc5ib.mongodb.net
20231220	06:24:27	9df4b53b-1e16-493e-bc18-a913b4dcf520	undefined: ETIMEOUT	querySrv	_mongodb._tcp.mictech.p1lc5ib.mongodb.net
20231220	10:40:30	88bccc75-9958-45f6-9726-f9bae6f18f04	undefined: ECONNREFUSED	querySrv	_mongodb._tcp.mictech.p1lc5ib.mongodb.net
